2026-02-05 11:09:54,662 - EduRAG - ERROR - MySQL 连接失败：(1698, "Access denied for user 'root'@'localhost'")
2026-02-05 11:13:22,357 - EduRAG - INFO - MySQL 连接成功
2026-02-07 21:58:37,922 - EduRAG - INFO - MySQL 连接成功
2026-02-07 21:58:37,925 - EduRAG - INFO - Redis 连接成功
2026-02-07 21:58:37,950 - EduRAG - INFO - 成功获取问题
2026-02-07 21:58:37,950 - EduRAG - INFO - 开始预处理文本
2026-02-07 21:58:38,906 - EduRAG - INFO - 开始预处理文本
2026-02-07 21:58:38,907 - EduRAG - INFO - 开始预处理文本
2026-02-07 21:58:38,910 - EduRAG - INFO - 开始预处理文本
2026-02-07 21:58:38,910 - EduRAG - INFO - 开始预处理文本
2026-02-07 21:58:38,911 - EduRAG - INFO - 开始预处理文本
2026-02-07 21:58:38,911 - EduRAG - INFO - 开始预处理文本
2026-02-07 21:58:38,912 - EduRAG - INFO - 开始预处理文本
2026-02-07 21:58:38,912 - EduRAG - INFO - 开始预处理文本
2026-02-07 21:58:38,912 - EduRAG - INFO - 开始预处理文本
2026-02-07 21:58:38,912 - EduRAG - INFO - 开始预处理文本
2026-02-07 21:58:38,913 - EduRAG - INFO - 开始预处理文本
2026-02-07 21:58:38,913 - EduRAG - INFO - 开始预处理文本
2026-02-07 21:58:38,913 - EduRAG - INFO - 开始预处理文本
2026-02-07 21:58:38,913 - EduRAG - INFO - 开始预处理文本
2026-02-07 21:58:38,913 - EduRAG - INFO - 开始预处理文本
2026-02-07 21:58:38,914 - EduRAG - INFO - 开始预处理文本
2026-02-07 21:58:38,914 - EduRAG - INFO - 开始预处理文本
2026-02-07 21:58:38,914 - EduRAG - INFO - 开始预处理文本
2026-02-07 21:58:38,914 - EduRAG - INFO - 开始预处理文本
2026-02-07 21:58:38,914 - EduRAG - INFO - 开始预处理文本
2026-02-07 21:58:38,914 - EduRAG - INFO - 开始预处理文本
2026-02-07 21:58:38,915 - EduRAG - INFO - 开始预处理文本
2026-02-07 21:58:38,915 - EduRAG - INFO - 开始预处理文本
2026-02-07 21:58:38,915 - EduRAG - INFO - 开始预处理文本
2026-02-07 21:58:38,915 - EduRAG - INFO - 开始预处理文本
2026-02-07 21:58:38,915 - EduRAG - INFO - 开始预处理文本
2026-02-07 21:58:38,915 - EduRAG - INFO - 开始预处理文本
2026-02-07 21:58:38,915 - EduRAG - INFO - 开始预处理文本
2026-02-07 21:58:38,916 - EduRAG - INFO - 开始预处理文本
2026-02-07 21:58:38,916 - EduRAG - INFO - 开始预处理文本
2026-02-07 21:58:38,916 - EduRAG - INFO - 开始预处理文本
2026-02-07 21:58:38,916 - EduRAG - INFO - 开始预处理文本
2026-02-07 21:58:38,916 - EduRAG - INFO - 开始预处理文本
2026-02-07 21:58:38,916 - EduRAG - INFO - 开始预处理文本
2026-02-07 21:58:38,916 - EduRAG - INFO - 开始预处理文本
2026-02-07 21:58:38,917 - EduRAG - INFO - 开始预处理文本
2026-02-07 21:58:38,917 - EduRAG - INFO - 开始预处理文本
2026-02-07 21:58:38,917 - EduRAG - INFO - 开始预处理文本
2026-02-07 21:58:38,917 - EduRAG - INFO - 开始预处理文本
2026-02-07 21:58:38,917 - EduRAG - INFO - 开始预处理文本
2026-02-07 21:58:38,918 - EduRAG - INFO - 开始预处理文本
2026-02-07 21:58:38,918 - EduRAG - INFO - 开始预处理文本
2026-02-07 21:58:38,918 - EduRAG - INFO - 开始预处理文本
2026-02-07 21:58:38,918 - EduRAG - INFO - 开始预处理文本
2026-02-07 21:58:38,918 - EduRAG - INFO - 开始预处理文本
2026-02-07 21:58:38,918 - EduRAG - INFO - 开始预处理文本
2026-02-07 21:58:38,919 - EduRAG - INFO - 开始预处理文本
2026-02-07 21:58:38,919 - EduRAG - INFO - 开始预处理文本
2026-02-07 21:58:38,919 - EduRAG - INFO - 开始预处理文本
2026-02-07 21:58:38,919 - EduRAG - INFO - 开始预处理文本
2026-02-07 21:58:38,919 - EduRAG - INFO - 开始预处理文本
2026-02-07 21:58:38,919 - EduRAG - INFO - 开始预处理文本
2026-02-07 21:58:38,920 - EduRAG - INFO - 开始预处理文本
2026-02-07 21:58:38,920 - EduRAG - INFO - 开始预处理文本
2026-02-07 21:58:38,920 - EduRAG - INFO - 开始预处理文本
2026-02-07 21:58:38,920 - EduRAG - INFO - 开始预处理文本
2026-02-07 21:58:38,920 - EduRAG - INFO - 开始预处理文本
2026-02-07 21:58:38,920 - EduRAG - INFO - 开始预处理文本
2026-02-07 21:58:38,920 - EduRAG - INFO - 开始预处理文本
2026-02-07 21:58:38,921 - EduRAG - INFO - 开始预处理文本
2026-02-07 21:58:38,921 - EduRAG - INFO - 开始预处理文本
2026-02-07 21:58:38,921 - EduRAG - INFO - 开始预处理文本
2026-02-07 21:58:38,921 - EduRAG - INFO - 开始预处理文本
2026-02-07 21:58:38,921 - EduRAG - INFO - 开始预处理文本
2026-02-07 21:58:38,921 - EduRAG - INFO - 开始预处理文本
2026-02-07 21:58:38,921 - EduRAG - INFO - 开始预处理文本
2026-02-07 21:58:38,922 - EduRAG - INFO - 开始预处理文本
2026-02-07 21:58:38,922 - EduRAG - INFO - 开始预处理文本
2026-02-07 21:58:38,922 - EduRAG - INFO - 开始预处理文本
2026-02-07 21:58:38,922 - EduRAG - INFO - 开始预处理文本
2026-02-07 21:58:38,922 - EduRAG - INFO - 开始预处理文本
2026-02-07 21:58:38,922 - EduRAG - INFO - 开始预处理文本
2026-02-07 21:58:38,922 - EduRAG - INFO - 开始预处理文本
2026-02-07 21:58:38,922 - EduRAG - INFO - 开始预处理文本
2026-02-07 21:58:38,923 - EduRAG - INFO - 开始预处理文本
2026-02-07 21:58:38,923 - EduRAG - INFO - 开始预处理文本
2026-02-07 21:58:38,923 - EduRAG - INFO - 开始预处理文本
2026-02-07 21:58:38,923 - EduRAG - INFO - 开始预处理文本
2026-02-07 21:58:38,923 - EduRAG - INFO - 开始预处理文本
2026-02-07 21:58:38,923 - EduRAG - INFO - 开始预处理文本
2026-02-07 21:58:38,924 - EduRAG - INFO - 开始预处理文本
2026-02-07 21:58:38,924 - EduRAG - INFO - 开始预处理文本
2026-02-07 21:58:38,924 - EduRAG - INFO - 开始预处理文本
2026-02-07 21:58:38,924 - EduRAG - INFO - 开始预处理文本
2026-02-07 21:58:38,924 - EduRAG - INFO - 开始预处理文本
2026-02-07 21:58:38,924 - EduRAG - INFO - 开始预处理文本
2026-02-07 21:58:38,924 - EduRAG - INFO - 开始预处理文本
2026-02-07 21:58:38,925 - EduRAG - INFO - 开始预处理文本
2026-02-07 21:58:38,925 - EduRAG - INFO - 开始预处理文本
2026-02-07 21:58:38,925 - EduRAG - INFO - 开始预处理文本
2026-02-07 21:58:38,925 - EduRAG - INFO - 开始预处理文本
2026-02-07 21:58:38,925 - EduRAG - INFO - 开始预处理文本
2026-02-07 21:58:38,925 - EduRAG - INFO - 开始预处理文本
2026-02-07 21:58:38,925 - EduRAG - INFO - 开始预处理文本
2026-02-07 21:58:38,926 - EduRAG - INFO - 开始预处理文本
2026-02-07 21:58:38,926 - EduRAG - INFO - 开始预处理文本
2026-02-07 21:58:38,926 - EduRAG - INFO - 开始预处理文本
2026-02-07 21:58:38,926 - EduRAG - INFO - 开始预处理文本
2026-02-07 21:58:38,926 - EduRAG - INFO - 开始预处理文本
2026-02-07 21:58:38,926 - EduRAG - INFO - 开始预处理文本
2026-02-07 21:58:38,926 - EduRAG - INFO - 开始预处理文本
2026-02-07 21:58:38,927 - EduRAG - INFO - 开始预处理文本
2026-02-07 21:58:38,927 - EduRAG - INFO - 开始预处理文本
2026-02-07 21:58:38,927 - EduRAG - INFO - 开始预处理文本
2026-02-07 21:58:38,927 - EduRAG - INFO - 开始预处理文本
2026-02-07 21:58:38,927 - EduRAG - INFO - 开始预处理文本
2026-02-07 21:58:38,927 - EduRAG - INFO - 开始预处理文本
2026-02-07 21:58:38,927 - EduRAG - INFO - 开始预处理文本
2026-02-07 21:58:38,927 - EduRAG - INFO - 开始预处理文本
2026-02-07 21:58:38,928 - EduRAG - INFO - 开始预处理文本
2026-02-07 21:58:38,928 - EduRAG - INFO - 开始预处理文本
2026-02-07 21:58:38,928 - EduRAG - INFO - 开始预处理文本
2026-02-07 21:58:38,928 - EduRAG - INFO - 开始预处理文本
2026-02-07 21:58:38,928 - EduRAG - INFO - 开始预处理文本
2026-02-07 21:58:38,928 - EduRAG - INFO - 开始预处理文本
2026-02-07 21:58:38,928 - EduRAG - INFO - 开始预处理文本
2026-02-07 21:58:38,928 - EduRAG - INFO - 开始预处理文本
2026-02-07 21:58:38,928 - EduRAG - INFO - 开始预处理文本
2026-02-07 21:58:38,929 - EduRAG - INFO - 开始预处理文本
2026-02-07 21:58:38,929 - EduRAG - INFO - 开始预处理文本
2026-02-07 21:58:38,929 - EduRAG - INFO - 开始预处理文本
2026-02-07 21:58:38,929 - EduRAG - INFO - 开始预处理文本
2026-02-07 21:58:38,929 - EduRAG - INFO - 开始预处理文本
2026-02-07 21:58:38,930 - EduRAG - INFO - 开始预处理文本
2026-02-07 21:58:38,930 - EduRAG - INFO - 开始预处理文本
2026-02-07 21:58:38,930 - EduRAG - INFO - 开始预处理文本
2026-02-07 21:58:38,930 - EduRAG - INFO - 开始预处理文本
2026-02-07 21:58:38,930 - EduRAG - INFO - 开始预处理文本
2026-02-07 21:58:38,931 - EduRAG - INFO - 开始预处理文本
2026-02-07 21:58:38,931 - EduRAG - INFO - 开始预处理文本
2026-02-07 21:58:38,931 - EduRAG - INFO - 开始预处理文本
2026-02-07 21:58:38,931 - EduRAG - INFO - 开始预处理文本
2026-02-07 21:58:38,931 - EduRAG - INFO - 开始预处理文本
2026-02-07 21:58:38,932 - EduRAG - INFO - 开始预处理文本
2026-02-07 21:58:38,932 - EduRAG - INFO - 开始预处理文本
2026-02-07 21:58:38,932 - EduRAG - INFO - 开始预处理文本
2026-02-07 21:58:38,932 - EduRAG - INFO - 开始预处理文本
2026-02-07 21:58:38,932 - EduRAG - INFO - 开始预处理文本
2026-02-07 21:58:38,932 - EduRAG - INFO - 开始预处理文本
2026-02-07 21:58:38,932 - EduRAG - INFO - 开始预处理文本
2026-02-07 21:58:38,933 - EduRAG - INFO - 开始预处理文本
2026-02-07 21:58:38,933 - EduRAG - INFO - 开始预处理文本
2026-02-07 21:58:38,933 - EduRAG - INFO - 开始预处理文本
2026-02-07 21:58:38,933 - EduRAG - INFO - 开始预处理文本
2026-02-07 21:58:38,933 - EduRAG - INFO - 开始预处理文本
2026-02-07 21:58:38,933 - EduRAG - INFO - 开始预处理文本
2026-02-07 21:58:38,934 - EduRAG - INFO - 开始预处理文本
2026-02-07 21:58:38,934 - EduRAG - INFO - 开始预处理文本
2026-02-07 21:58:38,934 - EduRAG - INFO - 开始预处理文本
2026-02-07 21:58:38,934 - EduRAG - INFO - 开始预处理文本
2026-02-07 21:58:38,934 - EduRAG - INFO - 开始预处理文本
2026-02-07 21:58:38,934 - EduRAG - INFO - 开始预处理文本
2026-02-07 21:58:38,935 - EduRAG - INFO - 开始预处理文本
2026-02-07 21:58:38,935 - EduRAG - INFO - 开始预处理文本
2026-02-07 21:58:38,935 - EduRAG - INFO - 开始预处理文本
2026-02-07 21:58:38,935 - EduRAG - INFO - 开始预处理文本
2026-02-07 21:58:38,935 - EduRAG - INFO - 开始预处理文本
2026-02-07 21:58:38,935 - EduRAG - INFO - 开始预处理文本
2026-02-07 21:58:38,936 - EduRAG - INFO - 开始预处理文本
2026-02-07 21:58:38,936 - EduRAG - INFO - 开始预处理文本
2026-02-07 21:58:38,936 - EduRAG - INFO - 开始预处理文本
2026-02-07 21:58:38,936 - EduRAG - INFO - 开始预处理文本
2026-02-07 21:58:38,936 - EduRAG - INFO - 开始预处理文本
2026-02-07 21:58:38,936 - EduRAG - INFO - 开始预处理文本
2026-02-07 21:58:38,936 - EduRAG - INFO - 开始预处理文本
2026-02-07 21:58:38,936 - EduRAG - INFO - 开始预处理文本
2026-02-07 21:58:38,937 - EduRAG - INFO - 开始预处理文本
2026-02-07 21:58:38,937 - EduRAG - INFO - 开始预处理文本
2026-02-07 21:58:38,937 - EduRAG - INFO - 开始预处理文本
2026-02-07 21:58:38,937 - EduRAG - INFO - 开始预处理文本
2026-02-07 21:58:38,937 - EduRAG - INFO - 开始预处理文本
2026-02-07 21:58:38,937 - EduRAG - INFO - 开始预处理文本
2026-02-07 21:58:38,937 - EduRAG - INFO - 开始预处理文本
2026-02-07 21:58:38,938 - EduRAG - INFO - 开始预处理文本
2026-02-07 21:58:38,938 - EduRAG - INFO - 开始预处理文本
2026-02-07 21:58:38,938 - EduRAG - INFO - 开始预处理文本
2026-02-07 21:58:38,938 - EduRAG - INFO - 开始预处理文本
2026-02-07 21:58:38,938 - EduRAG - INFO - 开始预处理文本
2026-02-07 21:58:38,938 - EduRAG - INFO - 开始预处理文本
2026-02-07 21:58:38,938 - EduRAG - INFO - 开始预处理文本
2026-02-07 21:58:38,939 - EduRAG - INFO - 开始预处理文本
2026-02-07 21:58:38,939 - EduRAG - INFO - 开始预处理文本
2026-02-07 21:58:38,939 - EduRAG - INFO - 开始预处理文本
2026-02-07 21:58:38,939 - EduRAG - INFO - 开始预处理文本
2026-02-07 21:58:38,939 - EduRAG - INFO - 开始预处理文本
2026-02-07 21:58:38,939 - EduRAG - INFO - 开始预处理文本
2026-02-07 21:58:38,939 - EduRAG - INFO - 开始预处理文本
2026-02-07 21:58:38,939 - EduRAG - INFO - 开始预处理文本
2026-02-07 21:58:38,940 - EduRAG - INFO - 开始预处理文本
2026-02-07 21:58:38,940 - EduRAG - INFO - 开始预处理文本
2026-02-07 21:58:38,940 - EduRAG - INFO - 开始预处理文本
2026-02-07 21:58:38,940 - EduRAG - INFO - 开始预处理文本
2026-02-07 21:58:38,940 - EduRAG - INFO - 开始预处理文本
2026-02-07 21:58:38,940 - EduRAG - INFO - 开始预处理文本
2026-02-07 21:58:38,940 - EduRAG - INFO - 开始预处理文本
2026-02-07 21:58:38,941 - EduRAG - INFO - 开始预处理文本
2026-02-07 21:58:38,941 - EduRAG - INFO - 开始预处理文本
2026-02-07 21:58:38,941 - EduRAG - INFO - 开始预处理文本
2026-02-07 21:58:38,941 - EduRAG - INFO - 开始预处理文本
2026-02-07 21:58:38,941 - EduRAG - INFO - 开始预处理文本
2026-02-07 21:58:38,942 - EduRAG - INFO - 开始预处理文本
2026-02-07 21:58:38,942 - EduRAG - INFO - 开始预处理文本
2026-02-07 21:58:38,942 - EduRAG - INFO - 开始预处理文本
2026-02-07 21:58:38,942 - EduRAG - INFO - 开始预处理文本
2026-02-07 21:58:38,942 - EduRAG - INFO - 开始预处理文本
2026-02-07 21:58:38,942 - EduRAG - INFO - 开始预处理文本
2026-02-07 21:58:38,942 - EduRAG - INFO - 开始预处理文本
2026-02-07 21:58:38,942 - EduRAG - INFO - 开始预处理文本
2026-02-07 21:58:38,943 - EduRAG - INFO - 开始预处理文本
2026-02-07 21:58:38,943 - EduRAG - INFO - 开始预处理文本
2026-02-07 21:58:38,943 - EduRAG - INFO - 开始预处理文本
2026-02-07 21:58:38,943 - EduRAG - INFO - 开始预处理文本
2026-02-07 21:58:38,943 - EduRAG - INFO - 开始预处理文本
2026-02-07 21:58:38,943 - EduRAG - INFO - 开始预处理文本
2026-02-07 21:58:38,943 - EduRAG - INFO - 开始预处理文本
2026-02-07 21:58:38,944 - EduRAG - INFO - 开始预处理文本
2026-02-07 21:58:38,944 - EduRAG - INFO - 开始预处理文本
2026-02-07 21:58:38,944 - EduRAG - INFO - 开始预处理文本
2026-02-07 21:58:38,944 - EduRAG - INFO - 开始预处理文本
2026-02-07 21:58:38,944 - EduRAG - INFO - 开始预处理文本
2026-02-07 21:58:38,944 - EduRAG - INFO - 开始预处理文本
2026-02-07 21:58:38,944 - EduRAG - INFO - 开始预处理文本
2026-02-07 21:58:38,945 - EduRAG - INFO - 开始预处理文本
2026-02-07 21:58:38,945 - EduRAG - INFO - 开始预处理文本
2026-02-07 21:58:38,945 - EduRAG - INFO - 开始预处理文本
2026-02-07 21:58:38,945 - EduRAG - INFO - 开始预处理文本
2026-02-07 21:58:38,945 - EduRAG - INFO - 开始预处理文本
2026-02-07 21:58:38,945 - EduRAG - INFO - 开始预处理文本
2026-02-07 21:58:38,945 - EduRAG - INFO - 开始预处理文本
2026-02-07 21:58:38,946 - EduRAG - INFO - 开始预处理文本
2026-02-07 21:58:38,946 - EduRAG - INFO - 开始预处理文本
2026-02-07 21:58:38,946 - EduRAG - INFO - 开始预处理文本
2026-02-07 21:58:38,946 - EduRAG - INFO - 开始预处理文本
2026-02-07 21:58:38,946 - EduRAG - INFO - 开始预处理文本
2026-02-07 21:58:38,946 - EduRAG - INFO - 开始预处理文本
2026-02-07 21:58:38,947 - EduRAG - INFO - 开始预处理文本
2026-02-07 21:58:38,947 - EduRAG - INFO - 开始预处理文本
2026-02-07 21:58:38,947 - EduRAG - INFO - 开始预处理文本
2026-02-07 21:58:38,947 - EduRAG - INFO - 开始预处理文本
2026-02-07 21:58:38,947 - EduRAG - INFO - 开始预处理文本
2026-02-07 21:58:38,947 - EduRAG - INFO - 开始预处理文本
2026-02-07 21:58:38,947 - EduRAG - INFO - 开始预处理文本
2026-02-07 21:58:38,948 - EduRAG - INFO - 开始预处理文本
2026-02-07 21:58:38,948 - EduRAG - INFO - 开始预处理文本
2026-02-07 21:58:38,948 - EduRAG - INFO - 开始预处理文本
2026-02-07 21:58:38,948 - EduRAG - INFO - 开始预处理文本
2026-02-07 21:58:38,948 - EduRAG - INFO - 开始预处理文本
2026-02-07 21:58:38,948 - EduRAG - INFO - 开始预处理文本
2026-02-07 21:58:38,948 - EduRAG - INFO - 开始预处理文本
2026-02-07 21:58:38,949 - EduRAG - INFO - 开始预处理文本
2026-02-07 21:58:38,949 - EduRAG - INFO - 开始预处理文本
2026-02-07 21:58:38,949 - EduRAG - INFO - 开始预处理文本
2026-02-07 21:58:38,949 - EduRAG - INFO - 开始预处理文本
2026-02-07 21:58:38,949 - EduRAG - INFO - 开始预处理文本
2026-02-07 21:58:38,949 - EduRAG - INFO - 开始预处理文本
2026-02-07 21:58:38,949 - EduRAG - INFO - 开始预处理文本
2026-02-07 21:58:38,949 - EduRAG - INFO - 开始预处理文本
2026-02-07 21:58:38,950 - EduRAG - INFO - 开始预处理文本
2026-02-07 21:58:38,950 - EduRAG - INFO - 开始预处理文本
2026-02-07 21:58:38,950 - EduRAG - INFO - 开始预处理文本
2026-02-07 21:58:38,950 - EduRAG - INFO - 开始预处理文本
2026-02-07 21:58:38,950 - EduRAG - INFO - 开始预处理文本
2026-02-07 21:58:38,950 - EduRAG - INFO - 开始预处理文本
2026-02-07 21:58:38,951 - EduRAG - INFO - 开始预处理文本
2026-02-07 21:58:38,951 - EduRAG - INFO - 开始预处理文本
2026-02-07 21:58:38,951 - EduRAG - INFO - 开始预处理文本
2026-02-07 21:58:38,951 - EduRAG - INFO - 开始预处理文本
2026-02-07 21:58:38,951 - EduRAG - INFO - 开始预处理文本
2026-02-07 21:58:38,951 - EduRAG - INFO - 开始预处理文本
2026-02-07 21:58:38,951 - EduRAG - INFO - 开始预处理文本
2026-02-07 21:58:38,951 - EduRAG - INFO - 开始预处理文本
2026-02-07 21:58:38,952 - EduRAG - INFO - 开始预处理文本
2026-02-07 21:58:38,952 - EduRAG - INFO - 开始预处理文本
2026-02-07 21:58:38,952 - EduRAG - INFO - 开始预处理文本
2026-02-07 21:58:38,952 - EduRAG - INFO - 开始预处理文本
2026-02-07 21:58:38,952 - EduRAG - INFO - 开始预处理文本
2026-02-07 21:58:38,952 - EduRAG - INFO - 开始预处理文本
2026-02-07 21:58:38,953 - EduRAG - INFO - 开始预处理文本
2026-02-07 21:58:38,953 - EduRAG - INFO - 开始预处理文本
2026-02-07 21:58:38,953 - EduRAG - INFO - 开始预处理文本
2026-02-07 21:58:38,953 - EduRAG - INFO - 开始预处理文本
2026-02-07 21:58:38,953 - EduRAG - INFO - 开始预处理文本
2026-02-07 21:58:38,953 - EduRAG - INFO - 开始预处理文本
2026-02-07 21:58:38,953 - EduRAG - INFO - 开始预处理文本
2026-02-07 21:58:38,954 - EduRAG - INFO - 开始预处理文本
2026-02-07 21:58:38,954 - EduRAG - INFO - 开始预处理文本
2026-02-07 21:58:38,954 - EduRAG - INFO - 开始预处理文本
2026-02-07 21:58:38,954 - EduRAG - INFO - 开始预处理文本
2026-02-07 21:58:38,954 - EduRAG - INFO - 开始预处理文本
2026-02-07 21:58:38,955 - EduRAG - INFO - 开始预处理文本
2026-02-07 21:58:38,955 - EduRAG - INFO - 开始预处理文本
2026-02-07 21:58:38,955 - EduRAG - INFO - 开始预处理文本
2026-02-07 21:58:38,955 - EduRAG - INFO - 开始预处理文本
2026-02-07 21:58:38,955 - EduRAG - INFO - 开始预处理文本
2026-02-07 21:58:38,955 - EduRAG - INFO - 开始预处理文本
2026-02-07 21:58:38,956 - EduRAG - INFO - 开始预处理文本
2026-02-07 21:58:38,956 - EduRAG - INFO - 开始预处理文本
2026-02-07 21:58:38,956 - EduRAG - INFO - 开始预处理文本
2026-02-07 21:58:38,956 - EduRAG - INFO - 开始预处理文本
2026-02-07 21:58:38,956 - EduRAG - INFO - 开始预处理文本
2026-02-07 21:58:38,956 - EduRAG - INFO - 开始预处理文本
2026-02-07 21:58:38,956 - EduRAG - INFO - 开始预处理文本
2026-02-07 21:58:38,957 - EduRAG - INFO - 开始预处理文本
2026-02-07 21:58:38,957 - EduRAG - INFO - 开始预处理文本
2026-02-07 21:58:38,957 - EduRAG - INFO - 开始预处理文本
2026-02-07 21:58:38,957 - EduRAG - INFO - 开始预处理文本
2026-02-07 21:58:38,957 - EduRAG - INFO - 开始预处理文本
2026-02-07 21:58:38,957 - EduRAG - INFO - 开始预处理文本
2026-02-07 21:58:38,958 - EduRAG - INFO - 开始预处理文本
2026-02-07 21:58:38,958 - EduRAG - INFO - 开始预处理文本
2026-02-07 21:58:38,958 - EduRAG - INFO - 开始预处理文本
2026-02-07 21:58:38,958 - EduRAG - INFO - 开始预处理文本
2026-02-07 21:58:38,959 - EduRAG - INFO - 开始预处理文本
2026-02-07 21:58:38,959 - EduRAG - INFO - 开始预处理文本
2026-02-07 21:58:38,959 - EduRAG - INFO - 开始预处理文本
2026-02-07 21:58:38,959 - EduRAG - INFO - 开始预处理文本
2026-02-07 21:58:38,959 - EduRAG - INFO - 开始预处理文本
2026-02-07 21:58:38,960 - EduRAG - INFO - 开始预处理文本
2026-02-07 21:58:38,960 - EduRAG - INFO - 开始预处理文本
2026-02-07 21:58:38,960 - EduRAG - INFO - 开始预处理文本
2026-02-07 21:58:38,960 - EduRAG - INFO - 开始预处理文本
2026-02-07 21:58:38,960 - EduRAG - INFO - 开始预处理文本
2026-02-07 21:58:38,960 - EduRAG - INFO - 开始预处理文本
2026-02-07 21:58:38,961 - EduRAG - INFO - 开始预处理文本
2026-02-07 21:58:38,961 - EduRAG - INFO - 开始预处理文本
2026-02-07 21:58:38,961 - EduRAG - INFO - 开始预处理文本
2026-02-07 21:58:38,961 - EduRAG - INFO - 开始预处理文本
2026-02-07 21:58:38,961 - EduRAG - INFO - 开始预处理文本
2026-02-07 21:58:38,962 - EduRAG - INFO - 开始预处理文本
2026-02-07 21:58:38,962 - EduRAG - INFO - 开始预处理文本
2026-02-07 21:58:38,962 - EduRAG - INFO - 开始预处理文本
2026-02-07 21:58:38,962 - EduRAG - INFO - 开始预处理文本
2026-02-07 21:58:38,963 - EduRAG - INFO - 开始预处理文本
2026-02-07 21:58:38,963 - EduRAG - INFO - 开始预处理文本
2026-02-07 21:58:38,963 - EduRAG - INFO - 开始预处理文本
2026-02-07 21:58:38,964 - EduRAG - INFO - 开始预处理文本
2026-02-07 21:58:38,964 - EduRAG - INFO - 开始预处理文本
2026-02-07 21:58:38,964 - EduRAG - INFO - 开始预处理文本
2026-02-07 21:58:38,964 - EduRAG - INFO - 开始预处理文本
2026-02-07 21:58:38,964 - EduRAG - INFO - 开始预处理文本
2026-02-07 21:58:38,965 - EduRAG - INFO - 开始预处理文本
2026-02-07 21:58:38,965 - EduRAG - INFO - 开始预处理文本
2026-02-07 21:58:38,965 - EduRAG - INFO - 开始预处理文本
2026-02-07 21:58:38,965 - EduRAG - INFO - 开始预处理文本
2026-02-07 21:58:38,965 - EduRAG - INFO - 开始预处理文本
2026-02-07 21:58:38,966 - EduRAG - INFO - 开始预处理文本
2026-02-07 21:58:38,966 - EduRAG - INFO - 开始预处理文本
2026-02-07 21:58:38,966 - EduRAG - INFO - 开始预处理文本
2026-02-07 21:58:38,966 - EduRAG - INFO - 开始预处理文本
2026-02-07 21:58:38,967 - EduRAG - INFO - 开始预处理文本
2026-02-07 21:58:38,967 - EduRAG - INFO - 开始预处理文本
2026-02-07 21:58:38,967 - EduRAG - INFO - 开始预处理文本
2026-02-07 21:58:38,967 - EduRAG - INFO - 开始预处理文本
2026-02-07 21:58:38,967 - EduRAG - INFO - 开始预处理文本
2026-02-07 21:58:38,967 - EduRAG - INFO - 开始预处理文本
2026-02-07 21:58:38,967 - EduRAG - INFO - 开始预处理文本
2026-02-07 21:58:38,968 - EduRAG - INFO - 开始预处理文本
2026-02-07 21:58:38,968 - EduRAG - INFO - 开始预处理文本
2026-02-07 21:58:38,968 - EduRAG - INFO - 开始预处理文本
2026-02-07 21:58:38,968 - EduRAG - INFO - 开始预处理文本
2026-02-07 21:58:38,969 - EduRAG - INFO - 开始预处理文本
2026-02-07 21:58:38,969 - EduRAG - INFO - 开始预处理文本
2026-02-07 21:58:38,969 - EduRAG - INFO - 开始预处理文本
2026-02-07 21:58:38,969 - EduRAG - INFO - 开始预处理文本
2026-02-07 21:58:38,969 - EduRAG - INFO - 开始预处理文本
2026-02-07 21:58:38,969 - EduRAG - INFO - 开始预处理文本
2026-02-07 21:58:38,969 - EduRAG - INFO - 开始预处理文本
2026-02-07 21:58:38,970 - EduRAG - INFO - 开始预处理文本
2026-02-07 21:58:38,970 - EduRAG - INFO - 开始预处理文本
2026-02-07 21:58:38,970 - EduRAG - INFO - 开始预处理文本
2026-02-07 21:58:38,970 - EduRAG - INFO - 开始预处理文本
2026-02-07 21:58:38,970 - EduRAG - INFO - 开始预处理文本
2026-02-07 21:58:38,970 - EduRAG - INFO - 开始预处理文本
2026-02-07 21:58:38,970 - EduRAG - INFO - 开始预处理文本
2026-02-07 21:58:38,970 - EduRAG - INFO - 开始预处理文本
2026-02-07 21:58:38,971 - EduRAG - INFO - 开始预处理文本
2026-02-07 21:58:38,971 - EduRAG - INFO - 开始预处理文本
2026-02-07 21:58:38,971 - EduRAG - INFO - 开始预处理文本
2026-02-07 21:58:38,971 - EduRAG - INFO - 开始预处理文本
2026-02-07 21:58:38,971 - EduRAG - INFO - 开始预处理文本
2026-02-07 21:58:38,971 - EduRAG - INFO - 开始预处理文本
2026-02-07 21:58:38,971 - EduRAG - INFO - 开始预处理文本
2026-02-07 21:58:38,971 - EduRAG - INFO - 开始预处理文本
2026-02-07 21:58:38,972 - EduRAG - INFO - 开始预处理文本
2026-02-07 21:58:38,972 - EduRAG - INFO - 开始预处理文本
2026-02-07 21:58:38,972 - EduRAG - INFO - 开始预处理文本
2026-02-07 21:58:38,972 - EduRAG - INFO - 开始预处理文本
2026-02-07 21:58:38,972 - EduRAG - INFO - 开始预处理文本
2026-02-07 21:58:38,972 - EduRAG - INFO - 开始预处理文本
2026-02-07 21:58:38,972 - EduRAG - INFO - 开始预处理文本
2026-02-07 21:58:38,972 - EduRAG - INFO - 开始预处理文本
2026-02-07 21:58:38,973 - EduRAG - INFO - 开始预处理文本
2026-02-07 21:58:38,973 - EduRAG - INFO - 开始预处理文本
2026-02-07 21:58:38,973 - EduRAG - INFO - 开始预处理文本
2026-02-07 21:58:38,973 - EduRAG - INFO - 开始预处理文本
2026-02-07 21:58:38,973 - EduRAG - INFO - 开始预处理文本
2026-02-07 21:58:38,973 - EduRAG - INFO - 开始预处理文本
2026-02-07 21:58:38,973 - EduRAG - INFO - 开始预处理文本
2026-02-07 21:58:38,974 - EduRAG - INFO - 开始预处理文本
2026-02-07 21:58:38,974 - EduRAG - INFO - 开始预处理文本
2026-02-07 21:58:38,974 - EduRAG - INFO - 开始预处理文本
2026-02-07 21:58:38,974 - EduRAG - INFO - 开始预处理文本
2026-02-07 21:58:38,974 - EduRAG - INFO - 开始预处理文本
2026-02-07 21:58:38,974 - EduRAG - INFO - 开始预处理文本
2026-02-07 21:58:38,975 - EduRAG - INFO - 开始预处理文本
2026-02-07 21:58:38,975 - EduRAG - INFO - 开始预处理文本
2026-02-07 21:58:38,975 - EduRAG - INFO - 开始预处理文本
2026-02-07 21:58:38,975 - EduRAG - INFO - 开始预处理文本
2026-02-07 21:58:38,975 - EduRAG - INFO - 开始预处理文本
2026-02-07 21:58:38,975 - EduRAG - INFO - 开始预处理文本
2026-02-07 21:58:38,975 - EduRAG - INFO - 开始预处理文本
2026-02-07 21:58:38,976 - EduRAG - INFO - 开始预处理文本
2026-02-07 21:58:38,976 - EduRAG - INFO - 开始预处理文本
2026-02-07 21:58:38,976 - EduRAG - INFO - 开始预处理文本
2026-02-07 21:58:38,976 - EduRAG - INFO - 开始预处理文本
2026-02-07 21:58:38,976 - EduRAG - INFO - 开始预处理文本
2026-02-07 21:58:38,976 - EduRAG - INFO - 开始预处理文本
2026-02-07 21:58:38,976 - EduRAG - INFO - 开始预处理文本
2026-02-07 21:58:38,976 - EduRAG - INFO - 开始预处理文本
2026-02-07 21:58:38,976 - EduRAG - INFO - 开始预处理文本
2026-02-07 21:58:38,977 - EduRAG - INFO - 开始预处理文本
2026-02-07 21:58:38,977 - EduRAG - INFO - 开始预处理文本
2026-02-07 21:58:38,977 - EduRAG - INFO - 开始预处理文本
2026-02-07 21:58:38,977 - EduRAG - INFO - 开始预处理文本
2026-02-07 21:58:38,977 - EduRAG - INFO - 开始预处理文本
2026-02-07 21:58:38,977 - EduRAG - INFO - 开始预处理文本
2026-02-07 21:58:38,978 - EduRAG - INFO - 开始预处理文本
2026-02-07 21:58:38,978 - EduRAG - INFO - 开始预处理文本
2026-02-07 21:58:38,978 - EduRAG - INFO - 开始预处理文本
2026-02-07 21:58:38,978 - EduRAG - INFO - 开始预处理文本
2026-02-07 21:58:38,978 - EduRAG - INFO - 开始预处理文本
2026-02-07 21:58:38,978 - EduRAG - INFO - 开始预处理文本
2026-02-07 21:58:38,979 - EduRAG - INFO - 开始预处理文本
2026-02-07 21:58:38,979 - EduRAG - INFO - 开始预处理文本
2026-02-07 21:58:38,979 - EduRAG - INFO - 开始预处理文本
2026-02-07 21:58:38,979 - EduRAG - INFO - 开始预处理文本
2026-02-07 21:58:38,979 - EduRAG - INFO - 开始预处理文本
2026-02-07 21:58:38,980 - EduRAG - INFO - 开始预处理文本
2026-02-07 21:58:38,980 - EduRAG - INFO - 开始预处理文本
2026-02-07 21:58:38,980 - EduRAG - INFO - 开始预处理文本
2026-02-07 21:58:38,980 - EduRAG - INFO - 开始预处理文本
2026-02-07 21:58:38,981 - EduRAG - INFO - 开始预处理文本
2026-02-07 21:58:38,981 - EduRAG - INFO - 开始预处理文本
2026-02-07 21:58:38,981 - EduRAG - INFO - 开始预处理文本
2026-02-07 21:58:38,981 - EduRAG - INFO - 开始预处理文本
2026-02-07 21:58:38,981 - EduRAG - INFO - 开始预处理文本
2026-02-07 21:58:38,981 - EduRAG - INFO - 开始预处理文本
2026-02-07 21:58:38,982 - EduRAG - INFO - 开始预处理文本
2026-02-07 21:58:38,982 - EduRAG - INFO - 开始预处理文本
2026-02-07 21:58:38,982 - EduRAG - INFO - 开始预处理文本
2026-02-07 21:58:38,982 - EduRAG - INFO - 开始预处理文本
2026-02-07 21:58:38,982 - EduRAG - INFO - 开始预处理文本
2026-02-07 21:58:38,982 - EduRAG - INFO - 开始预处理文本
2026-02-07 21:58:38,982 - EduRAG - INFO - 开始预处理文本
2026-02-07 21:58:38,982 - EduRAG - INFO - 开始预处理文本
2026-02-07 21:58:38,983 - EduRAG - INFO - 开始预处理文本
2026-02-07 21:58:38,983 - EduRAG - INFO - 开始预处理文本
2026-02-07 21:58:38,983 - EduRAG - INFO - 开始预处理文本
2026-02-07 21:58:38,983 - EduRAG - INFO - 开始预处理文本
2026-02-07 21:58:38,983 - EduRAG - INFO - 开始预处理文本
2026-02-07 21:58:38,983 - EduRAG - INFO - 开始预处理文本
2026-02-07 21:58:38,984 - EduRAG - INFO - 开始预处理文本
2026-02-07 21:58:38,984 - EduRAG - INFO - 开始预处理文本
2026-02-07 21:58:38,984 - EduRAG - INFO - 开始预处理文本
2026-02-07 21:58:38,984 - EduRAG - INFO - 开始预处理文本
2026-02-07 21:58:38,984 - EduRAG - INFO - 开始预处理文本
2026-02-07 21:58:38,985 - EduRAG - INFO - 开始预处理文本
2026-02-07 21:58:38,985 - EduRAG - INFO - 开始预处理文本
2026-02-07 21:58:38,985 - EduRAG - INFO - 开始预处理文本
2026-02-07 21:58:38,986 - EduRAG - INFO - 开始预处理文本
2026-02-07 21:58:38,986 - EduRAG - INFO - 开始预处理文本
2026-02-07 21:58:38,986 - EduRAG - INFO - 开始预处理文本
2026-02-07 21:58:38,986 - EduRAG - INFO - 开始预处理文本
2026-02-07 21:58:38,986 - EduRAG - INFO - 开始预处理文本
2026-02-07 21:58:38,986 - EduRAG - INFO - 开始预处理文本
2026-02-07 21:58:38,986 - EduRAG - INFO - 开始预处理文本
2026-02-07 21:58:38,987 - EduRAG - INFO - 开始预处理文本
2026-02-07 21:58:38,987 - EduRAG - INFO - 开始预处理文本
2026-02-07 21:58:38,987 - EduRAG - INFO - 开始预处理文本
2026-02-07 21:58:38,987 - EduRAG - INFO - 开始预处理文本
2026-02-07 21:58:38,987 - EduRAG - INFO - 开始预处理文本
2026-02-07 21:58:38,987 - EduRAG - INFO - 开始预处理文本
2026-02-07 21:58:38,988 - EduRAG - INFO - 开始预处理文本
2026-02-07 21:58:38,988 - EduRAG - INFO - 开始预处理文本
2026-02-07 21:58:38,988 - EduRAG - INFO - 开始预处理文本
2026-02-07 21:58:38,988 - EduRAG - INFO - 开始预处理文本
2026-02-07 21:58:38,988 - EduRAG - INFO - 开始预处理文本
2026-02-07 21:58:38,989 - EduRAG - INFO - 开始预处理文本
2026-02-07 21:58:38,989 - EduRAG - INFO - 开始预处理文本
2026-02-07 21:58:38,989 - EduRAG - INFO - 开始预处理文本
2026-02-07 21:58:38,989 - EduRAG - INFO - 开始预处理文本
2026-02-07 21:58:38,989 - EduRAG - INFO - 开始预处理文本
2026-02-07 21:58:38,990 - EduRAG - INFO - 开始预处理文本
2026-02-07 21:58:38,990 - EduRAG - INFO - 开始预处理文本
2026-02-07 21:58:38,990 - EduRAG - INFO - 开始预处理文本
2026-02-07 21:58:38,990 - EduRAG - INFO - 开始预处理文本
2026-02-07 21:58:38,990 - EduRAG - INFO - 开始预处理文本
2026-02-07 21:58:38,991 - EduRAG - INFO - 开始预处理文本
2026-02-07 21:58:38,991 - EduRAG - INFO - 开始预处理文本
2026-02-07 21:58:38,991 - EduRAG - INFO - 开始预处理文本
2026-02-07 21:58:38,991 - EduRAG - INFO - 开始预处理文本
2026-02-07 21:58:38,992 - EduRAG - INFO - 开始预处理文本
2026-02-07 21:58:38,992 - EduRAG - INFO - 开始预处理文本
2026-02-07 21:58:38,992 - EduRAG - INFO - 开始预处理文本
2026-02-07 21:58:38,992 - EduRAG - INFO - 开始预处理文本
2026-02-07 21:58:38,993 - EduRAG - INFO - 开始预处理文本
2026-02-07 21:58:38,993 - EduRAG - INFO - 开始预处理文本
2026-02-07 21:58:38,993 - EduRAG - INFO - 开始预处理文本
2026-02-07 21:58:38,993 - EduRAG - INFO - 开始预处理文本
2026-02-07 21:58:38,994 - EduRAG - INFO - 开始预处理文本
2026-02-07 21:58:38,994 - EduRAG - INFO - 开始预处理文本
2026-02-07 21:58:38,994 - EduRAG - INFO - 开始预处理文本
2026-02-07 21:58:38,994 - EduRAG - INFO - 开始预处理文本
2026-02-07 21:58:38,994 - EduRAG - INFO - 开始预处理文本
2026-02-07 21:58:38,995 - EduRAG - INFO - 开始预处理文本
2026-02-07 21:58:38,995 - EduRAG - INFO - 开始预处理文本
2026-02-07 21:58:38,995 - EduRAG - INFO - 开始预处理文本
2026-02-07 21:58:38,995 - EduRAG - INFO - 开始预处理文本
2026-02-07 21:58:38,996 - EduRAG - INFO - 开始预处理文本
2026-02-07 21:58:38,996 - EduRAG - INFO - 开始预处理文本
2026-02-07 21:58:38,996 - EduRAG - INFO - 开始预处理文本
2026-02-07 21:58:38,996 - EduRAG - INFO - 开始预处理文本
2026-02-07 21:58:38,996 - EduRAG - INFO - 开始预处理文本
2026-02-07 21:58:38,997 - EduRAG - INFO - 开始预处理文本
2026-02-07 21:58:38,997 - EduRAG - INFO - 开始预处理文本
2026-02-07 21:58:38,997 - EduRAG - INFO - 开始预处理文本
2026-02-07 21:58:38,997 - EduRAG - INFO - 开始预处理文本
2026-02-07 21:58:38,998 - EduRAG - INFO - 开始预处理文本
2026-02-07 21:58:38,998 - EduRAG - INFO - 开始预处理文本
2026-02-07 21:58:38,998 - EduRAG - INFO - 开始预处理文本
2026-02-07 21:58:38,998 - EduRAG - INFO - 开始预处理文本
2026-02-07 21:58:38,998 - EduRAG - INFO - 开始预处理文本
2026-02-07 21:58:38,999 - EduRAG - INFO - 开始预处理文本
2026-02-07 21:58:38,999 - EduRAG - INFO - 开始预处理文本
2026-02-07 21:58:38,999 - EduRAG - INFO - 开始预处理文本
2026-02-07 21:58:38,999 - EduRAG - INFO - 开始预处理文本
2026-02-07 21:58:38,999 - EduRAG - INFO - 开始预处理文本
2026-02-07 21:58:39,000 - EduRAG - INFO - 开始预处理文本
2026-02-07 21:58:39,000 - EduRAG - INFO - 开始预处理文本
2026-02-07 21:58:39,000 - EduRAG - INFO - 开始预处理文本
2026-02-07 21:58:39,000 - EduRAG - INFO - 开始预处理文本
2026-02-07 21:58:39,000 - EduRAG - INFO - 开始预处理文本
2026-02-07 21:58:39,000 - EduRAG - INFO - 开始预处理文本
2026-02-07 21:58:39,001 - EduRAG - INFO - 开始预处理文本
2026-02-07 21:58:39,001 - EduRAG - INFO - 开始预处理文本
2026-02-07 21:58:39,001 - EduRAG - INFO - 开始预处理文本
2026-02-07 21:58:39,001 - EduRAG - INFO - 开始预处理文本
2026-02-07 21:58:39,001 - EduRAG - INFO - 开始预处理文本
2026-02-07 21:58:39,002 - EduRAG - INFO - 开始预处理文本
2026-02-07 21:58:39,002 - EduRAG - INFO - 开始预处理文本
2026-02-07 21:58:39,002 - EduRAG - INFO - 开始预处理文本
2026-02-07 21:58:39,002 - EduRAG - INFO - 开始预处理文本
2026-02-07 21:58:39,002 - EduRAG - INFO - 开始预处理文本
2026-02-07 21:58:39,003 - EduRAG - INFO - 开始预处理文本
2026-02-07 21:58:39,003 - EduRAG - INFO - 开始预处理文本
2026-02-07 21:58:39,003 - EduRAG - INFO - 开始预处理文本
2026-02-07 21:58:39,003 - EduRAG - INFO - 开始预处理文本
2026-02-07 21:58:39,003 - EduRAG - INFO - 开始预处理文本
2026-02-07 21:58:39,004 - EduRAG - INFO - 开始预处理文本
2026-02-07 21:58:39,004 - EduRAG - INFO - 开始预处理文本
2026-02-07 21:58:39,004 - EduRAG - INFO - 开始预处理文本
2026-02-07 21:58:39,004 - EduRAG - INFO - 开始预处理文本
2026-02-07 21:58:39,004 - EduRAG - INFO - 开始预处理文本
2026-02-07 21:58:39,004 - EduRAG - INFO - 开始预处理文本
2026-02-07 21:58:39,005 - EduRAG - INFO - 开始预处理文本
2026-02-07 21:58:39,005 - EduRAG - INFO - 开始预处理文本
2026-02-07 21:58:39,005 - EduRAG - INFO - 开始预处理文本
2026-02-07 21:58:39,005 - EduRAG - INFO - 开始预处理文本
2026-02-07 21:58:39,006 - EduRAG - INFO - 开始预处理文本
2026-02-07 21:58:39,006 - EduRAG - INFO - 开始预处理文本
2026-02-07 21:58:39,006 - EduRAG - INFO - 开始预处理文本
2026-02-07 21:58:39,006 - EduRAG - INFO - 开始预处理文本
2026-02-07 21:58:39,007 - EduRAG - INFO - 开始预处理文本
2026-02-07 21:58:39,007 - EduRAG - INFO - 开始预处理文本
2026-02-07 21:58:39,007 - EduRAG - INFO - 开始预处理文本
2026-02-07 21:58:39,007 - EduRAG - INFO - 开始预处理文本
2026-02-07 21:58:39,007 - EduRAG - INFO - 开始预处理文本
2026-02-07 21:58:39,007 - EduRAG - INFO - 开始预处理文本
2026-02-07 21:58:39,008 - EduRAG - INFO - 开始预处理文本
2026-02-07 21:58:39,008 - EduRAG - INFO - 开始预处理文本
2026-02-07 21:58:39,008 - EduRAG - INFO - 开始预处理文本
2026-02-07 21:58:39,008 - EduRAG - INFO - 开始预处理文本
2026-02-07 21:58:39,008 - EduRAG - INFO - 开始预处理文本
2026-02-07 21:58:39,009 - EduRAG - INFO - 开始预处理文本
2026-02-07 21:58:39,009 - EduRAG - INFO - 开始预处理文本
2026-02-07 21:58:39,009 - EduRAG - INFO - 开始预处理文本
2026-02-07 21:58:39,009 - EduRAG - INFO - 开始预处理文本
2026-02-07 21:58:39,009 - EduRAG - INFO - 开始预处理文本
2026-02-07 21:58:39,010 - EduRAG - INFO - 开始预处理文本
2026-02-07 21:58:39,010 - EduRAG - INFO - 开始预处理文本
2026-02-07 21:58:39,010 - EduRAG - INFO - 开始预处理文本
2026-02-07 21:58:39,010 - EduRAG - INFO - 开始预处理文本
2026-02-07 21:58:39,011 - EduRAG - INFO - 开始预处理文本
2026-02-07 21:58:39,011 - EduRAG - INFO - 开始预处理文本
2026-02-07 21:58:39,011 - EduRAG - INFO - 开始预处理文本
2026-02-07 21:58:39,012 - EduRAG - INFO - 开始预处理文本
2026-02-07 21:58:39,012 - EduRAG - INFO - 开始预处理文本
2026-02-07 21:58:39,012 - EduRAG - INFO - 开始预处理文本
2026-02-07 21:58:39,012 - EduRAG - INFO - 开始预处理文本
2026-02-07 21:58:39,013 - EduRAG - INFO - 开始预处理文本
2026-02-07 21:58:39,013 - EduRAG - INFO - 开始预处理文本
2026-02-07 21:58:39,013 - EduRAG - INFO - 开始预处理文本
2026-02-07 21:58:39,013 - EduRAG - INFO - 开始预处理文本
2026-02-07 21:58:39,014 - EduRAG - INFO - 开始预处理文本
2026-02-07 21:58:39,014 - EduRAG - INFO - 开始预处理文本
2026-02-07 21:58:39,014 - EduRAG - INFO - 开始预处理文本
2026-02-07 21:58:39,014 - EduRAG - INFO - 开始预处理文本
2026-02-07 21:58:39,014 - EduRAG - INFO - 开始预处理文本
2026-02-07 21:58:39,015 - EduRAG - INFO - 开始预处理文本
2026-02-07 21:58:39,015 - EduRAG - INFO - 开始预处理文本
2026-02-07 21:58:39,015 - EduRAG - INFO - 开始预处理文本
2026-02-07 21:58:39,016 - EduRAG - INFO - 开始预处理文本
2026-02-07 21:58:39,016 - EduRAG - INFO - 开始预处理文本
2026-02-07 21:58:39,016 - EduRAG - INFO - 开始预处理文本
2026-02-07 21:58:39,016 - EduRAG - INFO - 开始预处理文本
2026-02-07 21:58:39,016 - EduRAG - INFO - 开始预处理文本
2026-02-07 21:58:39,017 - EduRAG - INFO - 开始预处理文本
2026-02-07 21:58:39,017 - EduRAG - INFO - 开始预处理文本
2026-02-07 21:58:39,017 - EduRAG - INFO - 开始预处理文本
2026-02-07 21:58:39,017 - EduRAG - INFO - 开始预处理文本
2026-02-07 21:58:39,018 - EduRAG - INFO - 开始预处理文本
2026-02-07 21:58:39,018 - EduRAG - INFO - 开始预处理文本
2026-02-07 21:58:39,018 - EduRAG - INFO - 开始预处理文本
2026-02-07 21:58:39,018 - EduRAG - INFO - 开始预处理文本
2026-02-07 21:58:39,018 - EduRAG - INFO - 开始预处理文本
2026-02-07 21:58:39,019 - EduRAG - INFO - 开始预处理文本
2026-02-07 21:58:39,019 - EduRAG - INFO - 开始预处理文本
2026-02-07 21:58:39,019 - EduRAG - INFO - 开始预处理文本
2026-02-07 21:58:39,019 - EduRAG - INFO - 开始预处理文本
2026-02-07 21:58:39,020 - EduRAG - INFO - 开始预处理文本
2026-02-07 21:58:39,020 - EduRAG - INFO - 开始预处理文本
2026-02-07 21:58:39,020 - EduRAG - INFO - 开始预处理文本
2026-02-07 21:58:39,020 - EduRAG - INFO - 开始预处理文本
2026-02-07 21:58:39,021 - EduRAG - INFO - 开始预处理文本
2026-02-07 21:58:39,021 - EduRAG - INFO - 开始预处理文本
2026-02-07 21:58:39,021 - EduRAG - INFO - 开始预处理文本
2026-02-07 21:58:39,021 - EduRAG - INFO - 开始预处理文本
2026-02-07 21:58:39,021 - EduRAG - INFO - 开始预处理文本
2026-02-07 21:58:39,022 - EduRAG - INFO - 开始预处理文本
2026-02-07 21:58:39,022 - EduRAG - INFO - 开始预处理文本
2026-02-07 21:58:39,022 - EduRAG - INFO - 开始预处理文本
2026-02-07 21:58:39,022 - EduRAG - INFO - 开始预处理文本
2026-02-07 21:58:39,022 - EduRAG - INFO - 开始预处理文本
2026-02-07 21:58:39,023 - EduRAG - INFO - 开始预处理文本
2026-02-07 21:58:39,023 - EduRAG - INFO - 开始预处理文本
2026-02-07 21:58:39,023 - EduRAG - INFO - 开始预处理文本
2026-02-07 21:58:39,023 - EduRAG - INFO - 开始预处理文本
2026-02-07 21:58:39,024 - EduRAG - INFO - 开始预处理文本
2026-02-07 21:58:39,024 - EduRAG - INFO - 开始预处理文本
2026-02-07 21:58:39,024 - EduRAG - INFO - 开始预处理文本
2026-02-07 21:58:39,024 - EduRAG - INFO - 开始预处理文本
2026-02-07 21:58:39,024 - EduRAG - INFO - 开始预处理文本
2026-02-07 21:58:39,025 - EduRAG - INFO - 开始预处理文本
2026-02-07 21:58:39,025 - EduRAG - INFO - 开始预处理文本
2026-02-07 21:58:39,025 - EduRAG - INFO - 开始预处理文本
2026-02-07 21:58:39,025 - EduRAG - INFO - 开始预处理文本
2026-02-07 21:58:39,025 - EduRAG - INFO - 开始预处理文本
2026-02-07 21:58:39,026 - EduRAG - INFO - 开始预处理文本
2026-02-07 21:58:39,026 - EduRAG - INFO - 开始预处理文本
2026-02-07 21:58:39,026 - EduRAG - INFO - 开始预处理文本
2026-02-07 21:58:39,026 - EduRAG - INFO - 开始预处理文本
2026-02-07 21:58:39,026 - EduRAG - INFO - 开始预处理文本
2026-02-07 21:58:39,027 - EduRAG - INFO - 开始预处理文本
2026-02-07 21:58:39,027 - EduRAG - INFO - 开始预处理文本
2026-02-07 21:58:39,027 - EduRAG - INFO - 开始预处理文本
2026-02-07 21:58:39,027 - EduRAG - INFO - 开始预处理文本
2026-02-07 21:58:39,028 - EduRAG - INFO - 开始预处理文本
2026-02-07 21:58:39,028 - EduRAG - INFO - 开始预处理文本
2026-02-07 21:58:39,028 - EduRAG - INFO - 开始预处理文本
2026-02-07 21:58:39,028 - EduRAG - INFO - 开始预处理文本
2026-02-07 21:58:39,029 - EduRAG - INFO - 开始预处理文本
2026-02-07 21:58:39,029 - EduRAG - INFO - 开始预处理文本
2026-02-07 21:58:39,029 - EduRAG - INFO - 开始预处理文本
2026-02-07 21:58:39,029 - EduRAG - INFO - 开始预处理文本
2026-02-07 21:58:39,029 - EduRAG - INFO - 开始预处理文本
2026-02-07 21:58:39,030 - EduRAG - INFO - 开始预处理文本
2026-02-07 21:58:39,030 - EduRAG - INFO - 开始预处理文本
2026-02-07 21:58:39,030 - EduRAG - INFO - 开始预处理文本
2026-02-07 21:58:39,030 - EduRAG - INFO - 开始预处理文本
2026-02-07 21:58:39,031 - EduRAG - INFO - 开始预处理文本
2026-02-07 21:58:39,031 - EduRAG - INFO - 开始预处理文本
2026-02-07 21:58:39,031 - EduRAG - INFO - 开始预处理文本
2026-02-07 21:58:39,031 - EduRAG - INFO - 开始预处理文本
2026-02-07 21:58:39,031 - EduRAG - INFO - 开始预处理文本
2026-02-07 21:58:39,032 - EduRAG - INFO - 开始预处理文本
2026-02-07 21:58:39,032 - EduRAG - INFO - 开始预处理文本
2026-02-07 21:58:39,032 - EduRAG - INFO - 开始预处理文本
2026-02-07 21:58:39,032 - EduRAG - INFO - 开始预处理文本
2026-02-07 21:58:39,033 - EduRAG - INFO - 开始预处理文本
2026-02-07 21:58:39,033 - EduRAG - INFO - 开始预处理文本
2026-02-07 21:58:39,033 - EduRAG - INFO - 开始预处理文本
2026-02-07 21:58:39,033 - EduRAG - INFO - 开始预处理文本
2026-02-07 21:58:39,033 - EduRAG - INFO - 开始预处理文本
2026-02-07 21:58:39,034 - EduRAG - INFO - 开始预处理文本
2026-02-07 21:58:39,034 - EduRAG - INFO - 开始预处理文本
2026-02-07 21:58:39,034 - EduRAG - INFO - 开始预处理文本
2026-02-07 21:58:39,034 - EduRAG - INFO - 开始预处理文本
2026-02-07 21:58:39,035 - EduRAG - INFO - 开始预处理文本
2026-02-07 21:58:39,035 - EduRAG - INFO - 开始预处理文本
2026-02-07 21:58:39,035 - EduRAG - INFO - 开始预处理文本
2026-02-07 21:58:39,035 - EduRAG - INFO - 开始预处理文本
2026-02-07 21:58:39,036 - EduRAG - INFO - 开始预处理文本
2026-02-07 21:58:39,036 - EduRAG - INFO - 开始预处理文本
2026-02-07 21:58:39,036 - EduRAG - INFO - 开始预处理文本
2026-02-07 21:58:39,036 - EduRAG - INFO - 开始预处理文本
2026-02-07 21:58:39,036 - EduRAG - INFO - 开始预处理文本
2026-02-07 21:58:39,037 - EduRAG - INFO - 开始预处理文本
2026-02-07 21:58:39,037 - EduRAG - INFO - 开始预处理文本
2026-02-07 21:58:39,037 - EduRAG - INFO - 开始预处理文本
2026-02-07 21:58:39,037 - EduRAG - INFO - 开始预处理文本
2026-02-07 21:58:39,038 - EduRAG - INFO - 开始预处理文本
2026-02-07 21:58:39,038 - EduRAG - INFO - 开始预处理文本
2026-02-07 21:58:39,038 - EduRAG - INFO - 开始预处理文本
2026-02-07 21:58:39,038 - EduRAG - INFO - 开始预处理文本
2026-02-07 21:58:39,038 - EduRAG - INFO - 开始预处理文本
2026-02-07 21:58:39,039 - EduRAG - INFO - 开始预处理文本
2026-02-07 21:58:39,039 - EduRAG - INFO - 开始预处理文本
2026-02-07 21:58:39,039 - EduRAG - INFO - 开始预处理文本
2026-02-07 21:58:39,039 - EduRAG - INFO - 开始预处理文本
2026-02-07 21:58:39,040 - EduRAG - INFO - 开始预处理文本
2026-02-07 21:58:39,040 - EduRAG - INFO - 开始预处理文本
2026-02-07 21:58:39,040 - EduRAG - INFO - 开始预处理文本
2026-02-07 21:58:39,040 - EduRAG - INFO - 开始预处理文本
2026-02-07 21:58:39,040 - EduRAG - INFO - 开始预处理文本
2026-02-07 21:58:39,040 - EduRAG - INFO - 开始预处理文本
2026-02-07 21:58:39,041 - EduRAG - INFO - 开始预处理文本
2026-02-07 21:58:39,041 - EduRAG - INFO - 开始预处理文本
2026-02-07 21:58:39,041 - EduRAG - INFO - 开始预处理文本
2026-02-07 21:58:39,041 - EduRAG - INFO - 开始预处理文本
2026-02-07 21:58:39,042 - EduRAG - INFO - 开始预处理文本
2026-02-07 21:58:39,042 - EduRAG - INFO - 开始预处理文本
2026-02-07 21:58:39,042 - EduRAG - INFO - 开始预处理文本
2026-02-07 21:58:39,042 - EduRAG - INFO - 开始预处理文本
2026-02-07 21:58:39,043 - EduRAG - INFO - 开始预处理文本
2026-02-07 21:58:39,043 - EduRAG - INFO - 开始预处理文本
2026-02-07 21:58:39,043 - EduRAG - INFO - 开始预处理文本
2026-02-07 21:58:39,043 - EduRAG - INFO - 开始预处理文本
2026-02-07 21:58:39,043 - EduRAG - INFO - 开始预处理文本
2026-02-07 21:58:39,044 - EduRAG - INFO - 开始预处理文本
2026-02-07 21:58:39,044 - EduRAG - INFO - 开始预处理文本
2026-02-07 21:58:39,044 - EduRAG - INFO - 开始预处理文本
2026-02-07 21:58:39,044 - EduRAG - INFO - 开始预处理文本
2026-02-07 21:58:39,045 - EduRAG - INFO - 开始预处理文本
2026-02-07 21:58:39,045 - EduRAG - INFO - 开始预处理文本
2026-02-07 21:58:39,045 - EduRAG - INFO - 开始预处理文本
2026-02-07 21:58:39,045 - EduRAG - INFO - 开始预处理文本
2026-02-07 21:58:39,046 - EduRAG - INFO - 开始预处理文本
2026-02-07 21:58:39,046 - EduRAG - INFO - 开始预处理文本
2026-02-07 21:58:39,046 - EduRAG - INFO - 开始预处理文本
2026-02-07 21:58:39,046 - EduRAG - INFO - 开始预处理文本
2026-02-07 21:58:39,047 - EduRAG - INFO - 开始预处理文本
2026-02-07 21:58:39,047 - EduRAG - INFO - 开始预处理文本
2026-02-07 21:58:39,047 - EduRAG - INFO - 开始预处理文本
2026-02-07 21:58:39,047 - EduRAG - INFO - 开始预处理文本
2026-02-07 21:58:39,048 - EduRAG - INFO - 开始预处理文本
2026-02-07 21:58:39,048 - EduRAG - INFO - 开始预处理文本
2026-02-07 21:58:39,048 - EduRAG - INFO - 开始预处理文本
2026-02-07 21:58:39,049 - EduRAG - INFO - 开始预处理文本
2026-02-07 21:58:39,049 - EduRAG - INFO - 开始预处理文本
2026-02-07 21:58:39,049 - EduRAG - INFO - 开始预处理文本
2026-02-07 21:58:39,049 - EduRAG - INFO - 开始预处理文本
2026-02-07 21:58:39,050 - EduRAG - INFO - 开始预处理文本
2026-02-07 21:58:39,050 - EduRAG - INFO - 开始预处理文本
2026-02-07 21:58:39,050 - EduRAG - INFO - 开始预处理文本
2026-02-07 21:58:39,050 - EduRAG - INFO - 开始预处理文本
2026-02-07 21:58:39,050 - EduRAG - INFO - 开始预处理文本
2026-02-07 21:58:39,051 - EduRAG - INFO - 开始预处理文本
2026-02-07 21:58:39,051 - EduRAG - INFO - 开始预处理文本
2026-02-07 21:58:39,051 - EduRAG - INFO - 开始预处理文本
2026-02-07 21:58:39,051 - EduRAG - INFO - 开始预处理文本
2026-02-07 21:58:39,052 - EduRAG - INFO - 开始预处理文本
2026-02-07 21:58:39,052 - EduRAG - INFO - 开始预处理文本
2026-02-07 21:58:39,052 - EduRAG - INFO - 开始预处理文本
2026-02-07 21:58:39,052 - EduRAG - INFO - 开始预处理文本
2026-02-07 21:58:39,053 - EduRAG - INFO - 开始预处理文本
2026-02-07 21:58:39,053 - EduRAG - INFO - 开始预处理文本
2026-02-07 21:58:39,053 - EduRAG - INFO - 开始预处理文本
2026-02-07 21:58:39,054 - EduRAG - INFO - 开始预处理文本
2026-02-07 21:58:39,054 - EduRAG - INFO - 开始预处理文本
2026-02-07 21:58:39,054 - EduRAG - INFO - 开始预处理文本
2026-02-07 21:58:39,054 - EduRAG - INFO - 开始预处理文本
2026-02-07 21:58:39,055 - EduRAG - INFO - 开始预处理文本
2026-02-07 21:58:39,055 - EduRAG - INFO - 开始预处理文本
2026-02-07 21:58:39,055 - EduRAG - INFO - 开始预处理文本
2026-02-07 21:58:39,056 - EduRAG - INFO - 开始预处理文本
2026-02-07 21:58:39,056 - EduRAG - INFO - 开始预处理文本
2026-02-07 21:58:39,056 - EduRAG - INFO - 开始预处理文本
2026-02-07 21:58:39,057 - EduRAG - INFO - 开始预处理文本
2026-02-07 21:58:39,057 - EduRAG - INFO - 开始预处理文本
2026-02-07 21:58:39,057 - EduRAG - INFO - 开始预处理文本
2026-02-07 21:58:39,057 - EduRAG - INFO - 开始预处理文本
2026-02-07 21:58:39,057 - EduRAG - INFO - 开始预处理文本
2026-02-07 21:58:39,058 - EduRAG - INFO - 开始预处理文本
2026-02-07 21:58:39,058 - EduRAG - INFO - 开始预处理文本
2026-02-07 21:58:39,058 - EduRAG - INFO - 开始预处理文本
2026-02-07 21:58:39,059 - EduRAG - INFO - 开始预处理文本
2026-02-07 21:58:39,059 - EduRAG - INFO - 开始预处理文本
2026-02-07 21:58:39,059 - EduRAG - INFO - 开始预处理文本
2026-02-07 21:58:39,060 - EduRAG - INFO - 开始预处理文本
2026-02-07 21:58:39,060 - EduRAG - INFO - 开始预处理文本
2026-02-07 21:58:39,060 - EduRAG - INFO - 开始预处理文本
2026-02-07 21:58:39,060 - EduRAG - INFO - 开始预处理文本
2026-02-07 21:58:39,061 - EduRAG - INFO - 开始预处理文本
2026-02-07 21:58:39,061 - EduRAG - INFO - 开始预处理文本
2026-02-07 21:58:39,062 - EduRAG - INFO - 开始预处理文本
2026-02-07 21:58:39,062 - EduRAG - INFO - 开始预处理文本
2026-02-07 21:58:39,062 - EduRAG - INFO - 开始预处理文本
2026-02-07 21:58:39,062 - EduRAG - INFO - 开始预处理文本
2026-02-07 21:58:39,063 - EduRAG - INFO - 开始预处理文本
2026-02-07 21:58:39,063 - EduRAG - INFO - 开始预处理文本
2026-02-07 21:58:39,063 - EduRAG - INFO - 开始预处理文本
2026-02-07 21:58:39,064 - EduRAG - INFO - 开始预处理文本
2026-02-07 21:58:39,064 - EduRAG - INFO - 开始预处理文本
2026-02-07 21:58:39,064 - EduRAG - INFO - 开始预处理文本
2026-02-07 21:58:39,065 - EduRAG - INFO - 开始预处理文本
2026-02-07 21:58:39,065 - EduRAG - INFO - 开始预处理文本
2026-02-07 21:58:39,065 - EduRAG - INFO - 开始预处理文本
2026-02-07 21:58:39,065 - EduRAG - INFO - 开始预处理文本
2026-02-07 21:58:39,066 - EduRAG - INFO - 开始预处理文本
2026-02-07 21:58:39,066 - EduRAG - INFO - 开始预处理文本
2026-02-07 21:58:39,066 - EduRAG - INFO - 开始预处理文本
2026-02-07 21:58:39,066 - EduRAG - INFO - 开始预处理文本
2026-02-07 21:58:39,066 - EduRAG - INFO - 开始预处理文本
2026-02-07 21:58:39,067 - EduRAG - INFO - 开始预处理文本
2026-02-07 21:58:39,067 - EduRAG - INFO - 开始预处理文本
2026-02-07 21:58:39,067 - EduRAG - INFO - 开始预处理文本
2026-02-07 21:58:39,068 - EduRAG - INFO - 开始预处理文本
2026-02-07 21:58:39,068 - EduRAG - INFO - 开始预处理文本
2026-02-07 21:58:39,068 - EduRAG - INFO - 开始预处理文本
2026-02-07 21:58:39,068 - EduRAG - INFO - 开始预处理文本
2026-02-07 21:58:39,069 - EduRAG - INFO - 开始预处理文本
2026-02-07 21:58:39,069 - EduRAG - INFO - 开始预处理文本
2026-02-07 21:58:39,069 - EduRAG - INFO - 开始预处理文本
2026-02-07 21:58:39,069 - EduRAG - INFO - 开始预处理文本
2026-02-07 21:58:39,069 - EduRAG - INFO - 开始预处理文本
2026-02-07 21:58:39,070 - EduRAG - INFO - 开始预处理文本
2026-02-07 21:58:39,070 - EduRAG - INFO - 开始预处理文本
2026-02-07 21:58:39,070 - EduRAG - INFO - 开始预处理文本
2026-02-07 21:58:39,070 - EduRAG - INFO - 开始预处理文本
2026-02-07 21:58:39,070 - EduRAG - INFO - 开始预处理文本
2026-02-07 21:58:39,071 - EduRAG - INFO - 开始预处理文本
2026-02-07 21:58:39,071 - EduRAG - INFO - 开始预处理文本
2026-02-07 21:58:39,071 - EduRAG - INFO - 开始预处理文本
2026-02-07 21:58:39,071 - EduRAG - INFO - 开始预处理文本
2026-02-07 21:58:39,071 - EduRAG - INFO - 开始预处理文本
2026-02-07 21:58:39,071 - EduRAG - INFO - 开始预处理文本
2026-02-07 21:58:39,072 - EduRAG - INFO - 开始预处理文本
2026-02-07 21:58:39,072 - EduRAG - INFO - 开始预处理文本
2026-02-07 21:58:39,072 - EduRAG - INFO - 开始预处理文本
2026-02-07 21:58:39,072 - EduRAG - INFO - 开始预处理文本
2026-02-07 21:58:39,073 - EduRAG - INFO - 开始预处理文本
2026-02-07 21:58:39,073 - EduRAG - INFO - 开始预处理文本
2026-02-07 21:58:39,073 - EduRAG - INFO - 开始预处理文本
2026-02-07 21:58:39,073 - EduRAG - INFO - 开始预处理文本
2026-02-07 21:58:39,073 - EduRAG - INFO - 开始预处理文本
2026-02-07 21:58:39,074 - EduRAG - INFO - 开始预处理文本
2026-02-07 21:58:39,074 - EduRAG - INFO - 开始预处理文本
2026-02-07 21:58:39,074 - EduRAG - INFO - 开始预处理文本
2026-02-07 21:58:39,074 - EduRAG - INFO - 开始预处理文本
2026-02-07 21:58:39,075 - EduRAG - INFO - 开始预处理文本
2026-02-07 21:58:39,075 - EduRAG - INFO - 开始预处理文本
2026-02-07 21:58:39,075 - EduRAG - INFO - 开始预处理文本
2026-02-07 21:58:39,075 - EduRAG - INFO - 开始预处理文本
2026-02-07 21:58:39,075 - EduRAG - INFO - 开始预处理文本
2026-02-07 21:58:39,075 - EduRAG - INFO - 开始预处理文本
2026-02-07 21:58:39,076 - EduRAG - INFO - 开始预处理文本
2026-02-07 21:58:39,076 - EduRAG - INFO - 开始预处理文本
2026-02-07 21:58:39,076 - EduRAG - INFO - 开始预处理文本
2026-02-07 21:58:39,076 - EduRAG - INFO - 开始预处理文本
2026-02-07 21:58:39,077 - EduRAG - INFO - 开始预处理文本
2026-02-07 21:58:39,077 - EduRAG - INFO - 开始预处理文本
2026-02-07 21:58:39,077 - EduRAG - INFO - 开始预处理文本
2026-02-07 21:58:39,077 - EduRAG - INFO - 开始预处理文本
2026-02-07 21:58:39,078 - EduRAG - INFO - 开始预处理文本
2026-02-07 21:58:39,078 - EduRAG - INFO - 开始预处理文本
2026-02-07 21:58:39,078 - EduRAG - INFO - 开始预处理文本
2026-02-07 21:58:39,078 - EduRAG - INFO - 开始预处理文本
2026-02-07 21:58:39,079 - EduRAG - INFO - 开始预处理文本
2026-02-07 21:58:39,079 - EduRAG - INFO - 开始预处理文本
2026-02-07 21:58:39,079 - EduRAG - INFO - 开始预处理文本
2026-02-07 21:58:39,079 - EduRAG - INFO - 开始预处理文本
2026-02-07 21:58:39,079 - EduRAG - INFO - 开始预处理文本
2026-02-07 21:58:39,080 - EduRAG - INFO - 开始预处理文本
2026-02-07 21:58:39,080 - EduRAG - INFO - 开始预处理文本
2026-02-07 21:58:39,080 - EduRAG - INFO - 开始预处理文本
2026-02-07 21:58:39,080 - EduRAG - INFO - 开始预处理文本
2026-02-07 21:58:39,080 - EduRAG - INFO - 开始预处理文本
2026-02-07 21:58:39,081 - EduRAG - INFO - 开始预处理文本
2026-02-07 21:58:39,081 - EduRAG - INFO - 开始预处理文本
2026-02-07 21:58:39,081 - EduRAG - INFO - 开始预处理文本
2026-02-07 21:58:39,081 - EduRAG - INFO - 开始预处理文本
2026-02-07 21:58:39,082 - EduRAG - INFO - 开始预处理文本
2026-02-07 21:58:39,082 - EduRAG - INFO - 开始预处理文本
2026-02-07 21:58:39,082 - EduRAG - INFO - 开始预处理文本
2026-02-07 21:58:39,083 - EduRAG - INFO - 开始预处理文本
2026-02-07 21:58:39,083 - EduRAG - INFO - 开始预处理文本
2026-02-07 21:58:39,083 - EduRAG - INFO - 开始预处理文本
2026-02-07 21:58:39,083 - EduRAG - INFO - 开始预处理文本
2026-02-07 21:58:39,084 - EduRAG - INFO - 开始预处理文本
2026-02-07 21:58:39,084 - EduRAG - INFO - 开始预处理文本
2026-02-07 21:58:39,084 - EduRAG - INFO - 开始预处理文本
2026-02-07 21:58:39,084 - EduRAG - INFO - 开始预处理文本
2026-02-07 21:58:39,085 - EduRAG - INFO - 开始预处理文本
2026-02-07 21:58:39,085 - EduRAG - INFO - 开始预处理文本
2026-02-07 21:58:39,085 - EduRAG - INFO - 开始预处理文本
2026-02-07 21:58:39,085 - EduRAG - INFO - 开始预处理文本
2026-02-07 21:58:39,086 - EduRAG - INFO - 开始预处理文本
2026-02-07 21:58:39,086 - EduRAG - INFO - 开始预处理文本
2026-02-07 21:58:39,086 - EduRAG - INFO - 开始预处理文本
2026-02-07 21:58:39,087 - EduRAG - INFO - 开始预处理文本
2026-02-07 21:58:39,087 - EduRAG - INFO - 开始预处理文本
2026-02-07 21:58:39,087 - EduRAG - INFO - 开始预处理文本
2026-02-07 21:58:39,087 - EduRAG - INFO - 开始预处理文本
2026-02-07 21:58:39,088 - EduRAG - INFO - 开始预处理文本
2026-02-07 21:58:39,088 - EduRAG - INFO - 开始预处理文本
2026-02-07 21:58:39,088 - EduRAG - INFO - 开始预处理文本
2026-02-07 21:58:39,088 - EduRAG - INFO - 开始预处理文本
2026-02-07 21:58:39,089 - EduRAG - INFO - 开始预处理文本
2026-02-07 21:58:39,089 - EduRAG - INFO - 开始预处理文本
2026-02-07 21:58:39,089 - EduRAG - INFO - 开始预处理文本
2026-02-07 21:58:39,089 - EduRAG - INFO - 开始预处理文本
2026-02-07 21:58:39,089 - EduRAG - INFO - 开始预处理文本
2026-02-07 21:58:39,090 - EduRAG - INFO - 开始预处理文本
2026-02-07 21:58:39,090 - EduRAG - INFO - 开始预处理文本
2026-02-07 21:58:39,090 - EduRAG - INFO - 开始预处理文本
2026-02-07 21:58:39,091 - EduRAG - INFO - 开始预处理文本
2026-02-07 21:58:39,091 - EduRAG - INFO - 开始预处理文本
2026-02-07 21:58:39,091 - EduRAG - INFO - 开始预处理文本
2026-02-07 21:58:39,091 - EduRAG - INFO - 开始预处理文本
2026-02-07 21:58:39,092 - EduRAG - INFO - 开始预处理文本
2026-02-07 21:58:39,092 - EduRAG - INFO - 开始预处理文本
2026-02-07 21:58:39,092 - EduRAG - INFO - 开始预处理文本
2026-02-07 21:58:39,093 - EduRAG - INFO - 开始预处理文本
2026-02-07 21:58:39,097 - EduRAG - INFO - 存储数据到 Redis: qa_original_questions
2026-02-07 21:58:39,100 - EduRAG - INFO - 存储数据到 Redis: qa_tokenized_questions
2026-02-07 21:58:39,105 - EduRAG - INFO - BM25 模型初始化完成
2026-02-07 21:58:57,019 - EduRAG - INFO - 处理查询: '我是谁'
2026-02-07 21:58:57,020 - EduRAG - INFO - 开始预处理文本
2026-02-07 21:58:57,026 - EduRAG - INFO - 未找到可靠答案，最高 Softmax 相似度: 0.206
2026-02-07 21:58:57,026 - EduRAG - INFO - SQL中未找到答案, 需要调用RAG系统
2026-02-07 21:58:57,026 - EduRAG - INFO - 查询处理耗时 0.01秒
2026-02-07 21:59:29,148 - EduRAG - INFO - 处理查询: '用上下文管理器实现函数运行时间的计算?'
2026-02-07 21:59:29,149 - EduRAG - INFO - 开始预处理文本
2026-02-07 21:59:29,151 - EduRAG - INFO - 未找到可靠答案，最高 Softmax 相似度: 0.500
2026-02-07 21:59:29,151 - EduRAG - INFO - SQL中未找到答案, 需要调用RAG系统
2026-02-07 21:59:29,152 - EduRAG - INFO - 查询处理耗时 0.00秒
2026-02-07 21:59:48,588 - EduRAG - INFO - MySQL 连接已关闭
2026-02-07 21:59:52,797 - EduRAG - INFO - MySQL 连接成功
2026-02-07 21:59:52,798 - EduRAG - INFO - Redis 连接成功
2026-02-07 21:59:52,810 - EduRAG - INFO - BM25 模型初始化完成
2026-02-07 22:00:43,553 - EduRAG - INFO - 处理查询: 'cssrem设置'
2026-02-07 22:00:43,553 - EduRAG - INFO - 开始预处理文本
2026-02-07 22:00:44,442 - EduRAG - INFO - 未找到可靠答案，最高 Softmax 相似度: 0.342
2026-02-07 22:00:44,443 - EduRAG - INFO - SQL中未找到答案, 需要调用RAG系统
2026-02-07 22:00:44,443 - EduRAG - INFO - 查询处理耗时 0.89秒
2026-02-07 22:01:00,536 - EduRAG - INFO - 处理查询: 'Python中GC的垃圾回收算法是什么？'
2026-02-07 22:01:00,537 - EduRAG - INFO - 开始预处理文本
2026-02-07 22:01:00,540 - EduRAG - INFO - 未找到可靠答案，最高 Softmax 相似度: 0.500
2026-02-07 22:01:00,540 - EduRAG - INFO - SQL中未找到答案, 需要调用RAG系统
2026-02-07 22:01:00,540 - EduRAG - INFO - 查询处理耗时 0.00秒
2026-02-07 22:01:26,679 - EduRAG - INFO - 处理查询: '"特殊符号的切割"'
2026-02-07 22:01:26,680 - EduRAG - INFO - 开始预处理文本
2026-02-07 22:01:26,681 - EduRAG - INFO - 未找到可靠答案，最高 Softmax 相似度: 0.374
2026-02-07 22:01:26,681 - EduRAG - INFO - SQL中未找到答案, 需要调用RAG系统
2026-02-07 22:01:26,681 - EduRAG - INFO - 查询处理耗时 0.00秒
2026-02-07 22:01:38,917 - EduRAG - INFO - 处理查询: 'q'
2026-02-07 22:01:38,917 - EduRAG - INFO - 开始预处理文本
2026-02-07 22:01:38,918 - EduRAG - INFO - 未找到可靠答案，最高 Softmax 相似度: 0.001
2026-02-07 22:01:38,918 - EduRAG - INFO - SQL中未找到答案, 需要调用RAG系统
2026-02-07 22:01:38,918 - EduRAG - INFO - 查询处理耗时 0.00秒
2026-02-07 22:01:42,166 - EduRAG - INFO - 退出 MySQL 系统
2026-02-07 22:01:42,166 - EduRAG - INFO - MySQL 连接已关闭
2026-02-07 22:10:33,953 - EduRAG - INFO - MySQL 连接成功
2026-02-07 22:10:33,954 - EduRAG - INFO - Redis 连接成功
2026-02-07 22:10:33,966 - EduRAG - INFO - BM25 模型初始化完成
2026-02-07 22:10:38,741 - EduRAG - INFO - 处理查询: '你好'
2026-02-07 22:10:38,742 - EduRAG - INFO - 开始预处理文本
2026-02-07 22:10:39,637 - EduRAG - INFO - 未找到可靠答案，最高 Softmax 相似度: 0.068
2026-02-07 22:10:39,637 - EduRAG - INFO - SQL中未找到答案, 需要调用RAG系统
2026-02-07 22:10:39,637 - EduRAG - INFO - 查询处理耗时 0.90秒
2026-02-07 22:11:55,862 - EduRAG - INFO - 退出 MySQL 系统
2026-02-07 22:11:55,863 - EduRAG - INFO - MySQL 连接已关闭
